<?xml version="1.0" encoding="UTF-8"?>
<!-- Generated by org.testng.reporters.JUnitXMLReporter -->
<testsuite hostname="LAPTOP-J7TSK624" ignored="0" name="Test" tests="7" failures="3" timestamp="19 Sep 2019 02:17:04 GMT" time="150.0" errors="0">
  <testcase name="Register" time="11.546" classname="com.amazon.testcases.SignupTest"/>
  <testcase name="Register" time="11.144" classname="com.amazon.testcases.SignupTest"/>
  <testcase name="LoginToApplication" time="10.112" classname="com.amazon.testcases.LoginTest"/>
  <testcase name="buyProducts" time="12.643" classname="com.amazon.testcases.BuyProductTest">
    <failure type="org.openqa.selenium.StaleElementReferenceException" message="The element reference of &amp;lt;div class=&amp;quot;sg-col-20-of-24 s-result-item sg-col-0-of-12 sg-col-28-of-32 sg-col-16-of-20 sg-col sg-col-32-of-36 sg-col-12-of-16 sg-col-24-of-28&amp;quot;&amp;gt; is stale; either the element is no longer attached to the DOM, it is not in the current frame context, or the document has been refreshed
For documentation on this error, please visit: https://www.seleniumhq.org/exceptions/stale_element_reference.html
Build info: version: &amp;apos;3.141.59&amp;apos;, revision: &amp;apos;e82be7d358&amp;apos;, time: &amp;apos;2018-11-14T08:25:53&amp;apos;
System info: host: &amp;apos;LAPTOP-J7TSK624&amp;apos;, ip: &amp;apos;10.0.0.2&amp;apos;, os.name: &amp;apos;Windows 10&amp;apos;, os.arch: &amp;apos;amd64&amp;apos;, os.version: &amp;apos;10.0&amp;apos;, java.version: &amp;apos;1.8.0_221&amp;apos;
Driver info: org.openqa.selenium.firefox.FirefoxDriver
Capabilities {acceptInsecureCerts: true, browserName: firefox, browserVersion: 69.0, javascriptEnabled: true, moz:accessibilityChecks: false, moz:buildID: 20190827005903, moz:geckodriverVersion: 0.25.0, moz:headless: false, moz:processID: 11192, moz:profile: C:\Users\Prasad\AppData\Loc..., moz:shutdownTimeout: 60000, moz:useNonSpecCompliantPointerOrigin: false, moz:webdriverClick: true, pageLoadStrategy: normal, platform: WINDOWS, platformName: WINDOWS, platformVersion: 10.0, rotatable: false, setWindowRect: true, strictFileInteractability: false, timeouts: {implicit: 0, pageLoad: 300000, script: 30000}, unhandledPromptBehavior: dismiss and notify}
Session ID: ac14492b-1bef-4272-9ad8-004395d50b49
*** Element info: {Using=xpath, value=div/span/div/div/div[2]/div[2]/div/div[1]/div/div/div[1]/h2/a/span}">
      <![CDATA[org.openqa.selenium.StaleElementReferenceException: The element reference of <div class="sg-col-20-of-24 s-result-item sg-col-0-of-12 sg-col-28-of-32 sg-col-16-of-20 sg-col sg-col-32-of-36 sg-col-12-of-16 sg-col-24-of-28"> is stale; either the element is no longer attached to the DOM, it is not in the current frame context, or the document has been refreshed
For documentation on this error, please visit: https://www.seleniumhq.org/exceptions/stale_element_reference.html
Build info: version: '3.141.59', revision: 'e82be7d358', time: '2018-11-14T08:25:53'
System info: host: 'LAPTOP-J7TSK624', ip: '10.0.0.2', os.name: 'Windows 10', os.arch: 'amd64', os.version: '10.0', java.version: '1.8.0_221'
Driver info: org.openqa.selenium.firefox.FirefoxDriver
Capabilities {acceptInsecureCerts: true, browserName: firefox, browserVersion: 69.0, javascriptEnabled: true, moz:accessibilityChecks: false, moz:buildID: 20190827005903, moz:geckodriverVersion: 0.25.0, moz:headless: false, moz:processID: 11192, moz:profile: C:\Users\Prasad\AppData\Loc..., moz:shutdownTimeout: 60000, moz:useNonSpecCompliantPointerOrigin: false, moz:webdriverClick: true, pageLoadStrategy: normal, platform: WINDOWS, platformName: WINDOWS, platformVersion: 10.0, rotatable: false, setWindowRect: true, strictFileInteractability: false, timeouts: {implicit: 0, pageLoad: 300000, script: 30000}, unhandledPromptBehavior: dismiss and notify}
Session ID: ac14492b-1bef-4272-9ad8-004395d50b49
*** Element info: {Using=xpath, value=div/span/div/div/div[2]/div[2]/div/div[1]/div/div/div[1]/h2/a/span}
at org.openqa.selenium.remote.http.W3CHttpResponseCodec.createException(W3CHttpResponseCodec.java:187)
at org.openqa.selenium.remote.http.W3CHttpResponseCodec.decode(W3CHttpResponseCodec.java:122)
at org.openqa.selenium.remote.http.W3CHttpResponseCodec.decode(W3CHttpResponseCodec.java:49)
at org.openqa.selenium.remote.HttpCommandExecutor.execute(HttpCommandExecutor.java:158)
at org.openqa.selenium.remote.service.DriverCommandExecutor.execute(DriverCommandExecutor.java:83)
at org.openqa.selenium.remote.RemoteWebDriver.execute(RemoteWebDriver.java:552)
at org.openqa.selenium.remote.RemoteWebElement.execute(RemoteWebElement.java:285)
at org.openqa.selenium.remote.RemoteWebElement.findElements(RemoteWebElement.java:204)
at org.openqa.selenium.remote.RemoteWebElement.findElementsByXPath(RemoteWebElement.java:265)
at org.openqa.selenium.By$ByXPath.findElements(By.java:348)
at org.openqa.selenium.remote.RemoteWebElement.findElements(RemoteWebElement.java:177)
at com.amazon.testcases.BuyProductTest.buyProducts(BuyProductTest.java:60)
... Removed 29 stack frames]]>
    </failure>
  </testcase> <!-- buyProducts -->
  <testcase name="buyProducts" time="21.372" classname="com.amazon.testcases.BuyProductTest">
    <failure type="org.openqa.selenium.StaleElementReferenceException" message="The element reference of &amp;lt;div class=&amp;quot;sg-col-20-of-24 s-result-item sg-col-0-of-12 sg-col-28-of-32 sg-col-16-of-20 sg-col sg-col-32-of-36 sg-col-12-of-16 sg-col-24-of-28&amp;quot;&amp;gt; is stale; either the element is no longer attached to the DOM, it is not in the current frame context, or the document has been refreshed
For documentation on this error, please visit: https://www.seleniumhq.org/exceptions/stale_element_reference.html
Build info: version: &amp;apos;3.141.59&amp;apos;, revision: &amp;apos;e82be7d358&amp;apos;, time: &amp;apos;2018-11-14T08:25:53&amp;apos;
System info: host: &amp;apos;LAPTOP-J7TSK624&amp;apos;, ip: &amp;apos;10.0.0.2&amp;apos;, os.name: &amp;apos;Windows 10&amp;apos;, os.arch: &amp;apos;amd64&amp;apos;, os.version: &amp;apos;10.0&amp;apos;, java.version: &amp;apos;1.8.0_221&amp;apos;
Driver info: org.openqa.selenium.firefox.FirefoxDriver
Capabilities {acceptInsecureCerts: true, browserName: firefox, browserVersion: 69.0, javascriptEnabled: true, moz:accessibilityChecks: false, moz:buildID: 20190827005903, moz:geckodriverVersion: 0.25.0, moz:headless: false, moz:processID: 7988, moz:profile: C:\Users\Prasad\AppData\Loc..., moz:shutdownTimeout: 60000, moz:useNonSpecCompliantPointerOrigin: false, moz:webdriverClick: true, pageLoadStrategy: normal, platform: WINDOWS, platformName: WINDOWS, platformVersion: 10.0, rotatable: false, setWindowRect: true, strictFileInteractability: false, timeouts: {implicit: 0, pageLoad: 300000, script: 30000}, unhandledPromptBehavior: dismiss and notify}
Session ID: 5707357a-922a-473e-9a61-e4f57e7dae85
*** Element info: {Using=xpath, value=div/span/div/div/div[2]/div[2]/div/div[1]/div/div/div[1]/h2/a/span}">
      <![CDATA[org.openqa.selenium.StaleElementReferenceException: The element reference of <div class="sg-col-20-of-24 s-result-item sg-col-0-of-12 sg-col-28-of-32 sg-col-16-of-20 sg-col sg-col-32-of-36 sg-col-12-of-16 sg-col-24-of-28"> is stale; either the element is no longer attached to the DOM, it is not in the current frame context, or the document has been refreshed
For documentation on this error, please visit: https://www.seleniumhq.org/exceptions/stale_element_reference.html
Build info: version: '3.141.59', revision: 'e82be7d358', time: '2018-11-14T08:25:53'
System info: host: 'LAPTOP-J7TSK624', ip: '10.0.0.2', os.name: 'Windows 10', os.arch: 'amd64', os.version: '10.0', java.version: '1.8.0_221'
Driver info: org.openqa.selenium.firefox.FirefoxDriver
Capabilities {acceptInsecureCerts: true, browserName: firefox, browserVersion: 69.0, javascriptEnabled: true, moz:accessibilityChecks: false, moz:buildID: 20190827005903, moz:geckodriverVersion: 0.25.0, moz:headless: false, moz:processID: 7988, moz:profile: C:\Users\Prasad\AppData\Loc..., moz:shutdownTimeout: 60000, moz:useNonSpecCompliantPointerOrigin: false, moz:webdriverClick: true, pageLoadStrategy: normal, platform: WINDOWS, platformName: WINDOWS, platformVersion: 10.0, rotatable: false, setWindowRect: true, strictFileInteractability: false, timeouts: {implicit: 0, pageLoad: 300000, script: 30000}, unhandledPromptBehavior: dismiss and notify}
Session ID: 5707357a-922a-473e-9a61-e4f57e7dae85
*** Element info: {Using=xpath, value=div/span/div/div/div[2]/div[2]/div/div[1]/div/div/div[1]/h2/a/span}
at org.openqa.selenium.remote.http.W3CHttpResponseCodec.createException(W3CHttpResponseCodec.java:187)
at org.openqa.selenium.remote.http.W3CHttpResponseCodec.decode(W3CHttpResponseCodec.java:122)
at org.openqa.selenium.remote.http.W3CHttpResponseCodec.decode(W3CHttpResponseCodec.java:49)
at org.openqa.selenium.remote.HttpCommandExecutor.execute(HttpCommandExecutor.java:158)
at org.openqa.selenium.remote.service.DriverCommandExecutor.execute(DriverCommandExecutor.java:83)
at org.openqa.selenium.remote.RemoteWebDriver.execute(RemoteWebDriver.java:552)
at org.openqa.selenium.remote.RemoteWebElement.execute(RemoteWebElement.java:285)
at org.openqa.selenium.remote.RemoteWebElement.findElements(RemoteWebElement.java:204)
at org.openqa.selenium.remote.RemoteWebElement.findElementsByXPath(RemoteWebElement.java:265)
at org.openqa.selenium.By$ByXPath.findElements(By.java:348)
at org.openqa.selenium.remote.RemoteWebElement.findElements(RemoteWebElement.java:177)
at com.amazon.testcases.BuyProductTest.buyProducts(BuyProductTest.java:60)
... Removed 29 stack frames]]>
    </failure>
  </testcase> <!-- buyProducts -->
  <testcase name="buyProducts" time="15.752" classname="com.amazon.testcases.BuyProductTest">
    <failure type="org.openqa.selenium.StaleElementReferenceException" message="The element reference of &amp;lt;div class=&amp;quot;sg-col-20-of-24 s-result-item sg-col-0-of-12 sg-col-28-of-32 sg-col-16-of-20 sg-col sg-col-32-of-36 sg-col-12-of-16 sg-col-24-of-28&amp;quot;&amp;gt; is stale; either the element is no longer attached to the DOM, it is not in the current frame context, or the document has been refreshed
For documentation on this error, please visit: https://www.seleniumhq.org/exceptions/stale_element_reference.html
Build info: version: &amp;apos;3.141.59&amp;apos;, revision: &amp;apos;e82be7d358&amp;apos;, time: &amp;apos;2018-11-14T08:25:53&amp;apos;
System info: host: &amp;apos;LAPTOP-J7TSK624&amp;apos;, ip: &amp;apos;10.0.0.2&amp;apos;, os.name: &amp;apos;Windows 10&amp;apos;, os.arch: &amp;apos;amd64&amp;apos;, os.version: &amp;apos;10.0&amp;apos;, java.version: &amp;apos;1.8.0_221&amp;apos;
Driver info: org.openqa.selenium.firefox.FirefoxDriver
Capabilities {acceptInsecureCerts: true, browserName: firefox, browserVersion: 69.0, javascriptEnabled: true, moz:accessibilityChecks: false, moz:buildID: 20190827005903, moz:geckodriverVersion: 0.25.0, moz:headless: false, moz:processID: 8684, moz:profile: C:\Users\Prasad\AppData\Loc..., moz:shutdownTimeout: 60000, moz:useNonSpecCompliantPointerOrigin: false, moz:webdriverClick: true, pageLoadStrategy: normal, platform: WINDOWS, platformName: WINDOWS, platformVersion: 10.0, rotatable: false, setWindowRect: true, strictFileInteractability: false, timeouts: {implicit: 0, pageLoad: 300000, script: 30000}, unhandledPromptBehavior: dismiss and notify}
Session ID: 1e750a0d-4156-407f-8702-62d9d40d3478
*** Element info: {Using=xpath, value=div/span/div/div/div[2]/div[2]/div/div[1]/div/div/div[1]/h2/a/span}">
      <![CDATA[org.openqa.selenium.StaleElementReferenceException: The element reference of <div class="sg-col-20-of-24 s-result-item sg-col-0-of-12 sg-col-28-of-32 sg-col-16-of-20 sg-col sg-col-32-of-36 sg-col-12-of-16 sg-col-24-of-28"> is stale; either the element is no longer attached to the DOM, it is not in the current frame context, or the document has been refreshed
For documentation on this error, please visit: https://www.seleniumhq.org/exceptions/stale_element_reference.html
Build info: version: '3.141.59', revision: 'e82be7d358', time: '2018-11-14T08:25:53'
System info: host: 'LAPTOP-J7TSK624', ip: '10.0.0.2', os.name: 'Windows 10', os.arch: 'amd64', os.version: '10.0', java.version: '1.8.0_221'
Driver info: org.openqa.selenium.firefox.FirefoxDriver
Capabilities {acceptInsecureCerts: true, browserName: firefox, browserVersion: 69.0, javascriptEnabled: true, moz:accessibilityChecks: false, moz:buildID: 20190827005903, moz:geckodriverVersion: 0.25.0, moz:headless: false, moz:processID: 8684, moz:profile: C:\Users\Prasad\AppData\Loc..., moz:shutdownTimeout: 60000, moz:useNonSpecCompliantPointerOrigin: false, moz:webdriverClick: true, pageLoadStrategy: normal, platform: WINDOWS, platformName: WINDOWS, platformVersion: 10.0, rotatable: false, setWindowRect: true, strictFileInteractability: false, timeouts: {implicit: 0, pageLoad: 300000, script: 30000}, unhandledPromptBehavior: dismiss and notify}
Session ID: 1e750a0d-4156-407f-8702-62d9d40d3478
*** Element info: {Using=xpath, value=div/span/div/div/div[2]/div[2]/div/div[1]/div/div/div[1]/h2/a/span}
at org.openqa.selenium.remote.http.W3CHttpResponseCodec.createException(W3CHttpResponseCodec.java:187)
at org.openqa.selenium.remote.http.W3CHttpResponseCodec.decode(W3CHttpResponseCodec.java:122)
at org.openqa.selenium.remote.http.W3CHttpResponseCodec.decode(W3CHttpResponseCodec.java:49)
at org.openqa.selenium.remote.HttpCommandExecutor.execute(HttpCommandExecutor.java:158)
at org.openqa.selenium.remote.service.DriverCommandExecutor.execute(DriverCommandExecutor.java:83)
at org.openqa.selenium.remote.RemoteWebDriver.execute(RemoteWebDriver.java:552)
at org.openqa.selenium.remote.RemoteWebElement.execute(RemoteWebElement.java:285)
at org.openqa.selenium.remote.RemoteWebElement.findElements(RemoteWebElement.java:204)
at org.openqa.selenium.remote.RemoteWebElement.findElementsByXPath(RemoteWebElement.java:265)
at org.openqa.selenium.By$ByXPath.findElements(By.java:348)
at org.openqa.selenium.remote.RemoteWebElement.findElements(RemoteWebElement.java:177)
at com.amazon.testcases.BuyProductTest.buyProducts(BuyProductTest.java:60)
... Removed 29 stack frames]]>
    </failure>
  </testcase> <!-- buyProducts -->
  <testcase name="showcart" time="10.939" classname="com.amazon.testcases.BuyProductTest"/>
</testsuite> <!-- Test -->
